<?xml version="1.0" encoding="UTF-8"?>
<!-- Generated by org.testng.reporters.JUnitReportReporter -->
<testsuite skipped="0" hostname="DESKTOP-HEKPONF" name="com.finetbanking.testCases.TC_LoginTest_001" tests="1" failures="0" timestamp="09 Apr 2020 14:28:18 GMT" time="26.732" errors="0">
  <testcase name="loginTest" time="26.732" classname="com.finetbanking.testCases.TC_LoginTest_001"/>
</testsuite> <!-- com.finetbanking.testCases.TC_LoginTest_001 -->
